  test1.c
d:\vs.program\c.code\tests_4_20\test1.c(79): error C2059: 语法错误:“<<”
d:\vs.program\c.code\tests_4_20\test1.c(155): error C2059: 语法错误:“>>”
d:\vs.program\c.code\tests_4_20\test1.c(155): error C2059: 语法错误:“数字上的错误后缀”
